<?xml version="1.0" encoding="UTF-8"?>
<!-- Generated by org.testng.reporters.JUnitReportReporter -->
<testsuite hostname="Ravneets-MacBook-Pro.local" name="com.npw.testscripts.gap.TC_007_MedicalAidPage_Validations_InvalidValuesEntered" tests="1" failures="0" timestamp="6 May 2020 16:40:38 GMT" time="13.474" errors="0">
  <testcase name="GetAllDetailsFromResidentialPage" time="13.474" classname="com.npw.testscripts.gap.TC_007_MedicalAidPage_Validations_InvalidValuesEntered"/>
</testsuite> <!-- com.npw.testscripts.gap.TC_007_MedicalAidPage_Validations_InvalidValuesEntered -->
