<?xml version="1.0" encoding="UTF-8"?>
<!-- Generated by org.testng.reporters.JUnitReportReporter -->
<testsuite hostname="Ravneets-MacBook-Pro.local" name="com.npw.testscripts.gap.TC_01_BranchLocator" tests="1" failures="0" timestamp="6 Apr 2020 16:58:35 GMT" time="464.420" errors="0">
  <testcase name="testBranches" time="464.420" classname="com.npw.testscripts.gap.TC_01_BranchLocator"/>
</testsuite> <!-- com.npw.testscripts.gap.TC_01_BranchLocator -->
