<?xml version="1.0" encoding="UTF-8"?>
<!-- Generated by org.testng.reporters.JUnitReportReporter -->
<testsuite hostname="Ravneets-MacBook-Pro.local" name="com.npw.testscripts.gap.TC_009_PaymentPage_Validations_InvalidValuesEntered" tests="1" failures="0" timestamp="11 May 2020 14:42:18 GMT" time="20.471" errors="0">
  <testcase name="getAllValidationsFromGreatDecisionPage" time="20.471" classname="com.npw.testscripts.gap.TC_009_PaymentPage_Validations_InvalidValuesEntered"/>
</testsuite> <!-- com.npw.testscripts.gap.TC_009_PaymentPage_Validations_InvalidValuesEntered -->
