<?xml version="1.0" encoding="UTF-8"?>
<!-- Generated by org.testng.reporters.JUnitReportReporter -->
<testsuite hostname="Ravneets-MacBook-Pro.local" name="com.npw.testscripts.gap.TC_010_PaymentPage_Validations_WithBlankTextFields" tests="1" failures="0" timestamp="11 May 2020 14:43:40 GMT" time="21.661" errors="0">
  <testcase name="GetAllDetailsFromResidentialPage" time="21.661" classname="com.npw.testscripts.gap.TC_010_PaymentPage_Validations_WithBlankTextFields"/>
</testsuite> <!-- com.npw.testscripts.gap.TC_010_PaymentPage_Validations_WithBlankTextFields -->
