<?xml version="1.0" encoding="UTF-8"?>
<!-- Generated by org.testng.reporters.JUnitReportReporter -->
<testsuite hostname="Ravneets-MacBook-Pro.local" name="com.npw.testscripts.gap.TC_005_GreatDecisionPage_Validations_WithBlankTextFields" tests="1" failures="0" timestamp="6 May 2020 16:41:13 GMT" time="2.439" errors="0">
  <testcase name="getAllValidationsFromGreatDecisionPage" time="2.439" classname="com.npw.testscripts.gap.TC_005_GreatDecisionPage_Validations_WithBlankTextFields"/>
</testsuite> <!-- com.npw.testscripts.gap.TC_005_GreatDecisionPage_Validations_WithBlankTextFields -->
