<?xml version="1.0" encoding="UTF-8"?>
<!-- Generated by org.testng.reporters.JUnitReportReporter -->
<testsuite hostname="Ravneets-MacBook-Pro.local" name="com.npw.testscripts.gap.TC_FullGapCover" tests="1" failures="0" timestamp="26 Feb 2020 15:19:29 GMT" time="85.170" errors="0">
  <testcase name="createApp" time="85.170" classname="com.npw.testscripts.gap.TC_FullGapCover"/>
</testsuite> <!-- com.npw.testscripts.gap.TC_FullGapCover -->
