<?xml version="1.0" encoding="UTF-8"?>
<!-- Generated by org.testng.reporters.JUnitReportReporter -->
<testsuite hostname="Ravneets-MacBook-Pro.local" name="com.npw.testscripts.gap.TC_006_KnowYouBetterPage_Validations_WithBlankTextFields" tests="1" failures="0" timestamp="6 May 2020 16:40:58 GMT" time="7.822" errors="0">
  <testcase name="getAllValidationsFromKNowYouBetterPage" time="7.822" classname="com.npw.testscripts.gap.TC_006_KnowYouBetterPage_Validations_WithBlankTextFields"/>
</testsuite> <!-- com.npw.testscripts.gap.TC_006_KnowYouBetterPage_Validations_WithBlankTextFields -->
