<?xml version="1.0" encoding="UTF-8"?>
<!-- Generated by org.testng.reporters.JUnitReportReporter -->
<testsuite hostname="Ravneets-MacBook-Pro.local" name="com.npw.testscripts.gap.TC_008_MedicalAidPage_Validations_WithBlankTextFields" tests="1" failures="0" timestamp="6 May 2020 16:40:53 GMT" time="12.826" errors="0">
  <testcase name="GetAllDetailsFromResidentialPage" time="12.826" classname="com.npw.testscripts.gap.TC_008_MedicalAidPage_Validations_WithBlankTextFields"/>
</testsuite> <!-- com.npw.testscripts.gap.TC_008_MedicalAidPage_Validations_WithBlankTextFields -->
