<?xml version="1.0" encoding="UTF-8"?>
<!-- Generated by org.testng.reporters.JUnitReportReporter -->
<testsuite hostname="Ravneets-MacBook-Pro.local" name="com.npw.testcases.TC_01_Demo" tests="1" failures="0" timestamp="6 Feb 2020 11:03:52 GMT" time="0.467" errors="0">
  <testcase name="testSomething" time="0.467" classname="com.npw.testcases.TC_01_Demo"/>
</testsuite> <!-- com.npw.testcases.TC_01_Demo -->
