<?xml version="1.0" encoding="UTF-8"?>
<!-- Generated by org.testng.reporters.JUnitReportReporter -->
<testsuite hostname="Ravneets-MacBook-Pro.local" name="com.npw.testscripts.gap.LinkVerification" tests="1" failures="0" timestamp="29 Mar 2020 13:00:11 GMT" time="1.760" errors="0">
  <testcase name="getAllLinks" time="1.760" classname="com.npw.testscripts.gap.LinkVerification"/>
</testsuite> <!-- com.npw.testscripts.gap.LinkVerification -->
