<?xml version="1.0" encoding="UTF-8"?>
<!-- Generated by org.testng.reporters.JUnitReportReporter -->
<testsuite hostname="Ravneets-MacBook-Pro.local" name="com.npw.testscripts.gap.TC_004_ResidentialAddressPage_Validations_InvalidValuesEntered" tests="1" failures="0" timestamp="6 May 2020 16:41:08 GMT" time="9.977" errors="0">
  <testcase name="GetAllDetailsFromResidentialPage" time="9.977" classname="com.npw.testscripts.gap.TC_004_ResidentialAddressPage_Validations_InvalidValuesEntered"/>
</testsuite> <!-- com.npw.testscripts.gap.TC_004_ResidentialAddressPage_Validations_InvalidValuesEntered -->
