<?xml version="1.0" encoding="UTF-8"?>
<!-- Generated by org.testng.reporters.JUnitReportReporter -->
<testsuite hostname="Ravneets-MacBook-Pro.local" name="com.npw.testscripts.gap.TC_001_PositiveFlow" tests="1" failures="0" timestamp="30 Jul 2020 10:21:21 GMT" time="0.349" errors="0">
  <testcase name="submitApp" time="0.349" classname="com.npw.testscripts.gap.TC_001_PositiveFlow"/>
</testsuite> <!-- com.npw.testscripts.gap.TC_001_PositiveFlow -->
