<?xml version="1.0" encoding="UTF-8"?>
<!-- Generated by org.testng.reporters.JUnitReportReporter -->
<testsuite hostname="Ravneets-MacBook-Pro.local" name="com.npw.testscripts.gap.TC_003_GreatDecisionPage_Validations_INvalidValuesEntered" tests="1" failures="0" timestamp="12 May 2020 08:40:03 GMT" time="5.200" errors="0">
  <testcase name="getAllValidationsFromGreatDecisionPage" time="5.200" classname="com.npw.testscripts.gap.TC_003_GreatDecisionPage_Validations_INvalidValuesEntered"/>
</testsuite> <!-- com.npw.testscripts.gap.TC_003_GreatDecisionPage_Validations_INvalidValuesEntered -->
